+ ld obj/kern/kernel
+ mk obj/kern/kernel.img
Could not access KVM kernel module: No such file or directory
failed to initialize KVM: No such file or directory
Back to tcg accelerator.
6828 decimal is XXX octal!
Physical memory: 66556K available, base = 640K, extended = 65532K
check_page_alloc() succeeded!
check_page() succeeded!
check_kern_pgdir() succeeded!
check_page_installed_pgdir() succeeded!
cpu_id == 0
SMP: CPU 0 found 4 CPU(s)
enabled interrupts: 1 2
SMP: CPU 1 starting
cpu_id == 1
SMP: CPU 2 starting
cpu_id == 2
SMP: CPU 3 starting
cpu_id == 3
[00000000] new env 00001000
[00001000] new env 00001001
[00001000] user panic in <unknown> at lib/ipc.c:42: ipc_send not implemented
qemu: terminating on signal 15 from pid 4857
